<?xml version="1.0" encoding="UTF-8"?>
<!-- Generated by org.testng.reporters.JUnitReportReporter -->
<testsuite hostname="LAPTOP-0K4EH4AM" failures="0" tests="1" name="Test.Draganddrop" time="1.364" errors="0" timestamp="2021-08-09T10:11:59 IST" skipped="0">
  <testcase classname="Test.Draganddrop" name="alert" time="1.364"/>
  <system-out/>
</testsuite> <!-- Test.Draganddrop -->
