<?xml version="1.0" encoding="UTF-8"?>
<!-- Generated by org.testng.reporters.JUnitReportReporter -->
<testsuite hostname="LAPTOP-0K4EH4AM" failures="0" tests="1" name="Test.CountofTables" time="0.058" errors="0" timestamp="2021-08-05T12:33:41 IST" skipped="0">
  <testcase classname="Test.CountofTables" name="counttables" time="0.058"/>
  <system-out/>
</testsuite> <!-- Test.CountofTables -->
