<?xml version="1.0" encoding="UTF-8"?>
<!-- Generated by org.testng.reporters.JUnitReportReporter -->
<testsuite hostname="LAPTOP-0K4EH4AM" failures="0" tests="1" name="Mouseactions.Movetoelement" time="2.201" errors="0" timestamp="2021-08-19T15:58:00 IST" skipped="0">
  <testcase classname="Mouseactions.Movetoelement" name="alert" time="2.201"/>
  <system-out/>
</testsuite> <!-- Mouseactions.Movetoelement -->
