<?xml version="1.0" encoding="UTF-8"?>
<!-- Generated by org.testng.reporters.JUnitReportReporter -->
<testsuite hostname="LAPTOP-0K4EH4AM" failures="0" tests="1" name="Test.WindowHandles" time="4.520" errors="0" timestamp="2021-08-09T11:32:17 IST" skipped="0">
  <testcase classname="Test.WindowHandles" name="Windows" time="4.520"/>
  <system-out/>
</testsuite> <!-- Test.WindowHandles -->
