<?xml version="1.0" encoding="UTF-8"?>
<!-- Generated by org.testng.reporters.JUnitReportReporter -->
<testsuite hostname="LAPTOP-0K4EH4AM" failures="0" tests="1" name="Test.Switchtooneframe" time="2.594" errors="0" timestamp="2021-08-06T10:51:03 IST" skipped="0">
  <testcase classname="Test.Switchtooneframe" name="counttable" time="2.594"/>
  <system-out/>
</testsuite> <!-- Test.Switchtooneframe -->
