<?xml version="1.0" encoding="UTF-8"?>
<!-- Generated by org.testng.reporters.JUnitReportReporter -->
<testsuite hostname="LAPTOP-0K4EH4AM" failures="0" tests="1" name="Test.Countofrowsandcolums" time="0.238" errors="0" timestamp="2021-08-05T12:36:25 IST" skipped="0">
  <testcase classname="Test.Countofrowsandcolums" name="countrowsandcolumns" time="0.238"/>
  <system-out/>
</testsuite> <!-- Test.Countofrowsandcolums -->
