<?xml version="1.0" encoding="UTF-8"?>
<!-- Generated by org.testng.reporters.JUnitReportReporter -->
<testsuite hostname="LAPTOP-0K4EH4AM" failures="0" tests="1" name="Frames.Namesofframes" time="0.101" errors="0" timestamp="2021-08-18T15:17:00 IST" skipped="0">
  <testcase classname="Frames.Namesofframes" name="countofframe" time="0.101"/>
  <system-out/>
</testsuite> <!-- Frames.Namesofframes -->
