<?xml version="1.0" encoding="UTF-8"?>
<!-- Generated by org.testng.reporters.JUnitReportReporter -->
<testsuite hostname="LAPTOP-0K4EH4AM" failures="0" tests="1" name="Windowhandle.WindowHandles" time="3.650" errors="0" timestamp="2021-08-13T15:55:29 IST" skipped="0">
  <testcase classname="Windowhandle.WindowHandles" name="Windows" time="3.650"/>
  <system-out/>
</testsuite> <!-- Windowhandle.WindowHandles -->
