<?xml version="1.0" encoding="UTF-8"?>
<!-- Generated by org.testng.reporters.JUnitReportReporter -->
<testsuite hostname="LAPTOP-0K4EH4AM" failures="0" tests="1" name="Pom.Steps" time="11.830" errors="0" timestamp="2021-08-18T16:36:06 IST" skipped="0">
  <testcase classname="Pom.Steps" name="operation" time="11.830"/>
  <system-out/>
</testsuite> <!-- Pom.Steps -->
