<?xml version="1.0" encoding="UTF-8"?>
<!-- Generated by org.testng.reporters.JUnitReportReporter -->
<testsuite hostname="LAPTOP-0K4EH4AM" failures="0" tests="1" name="Mouseactions.Draganddrop" time="1.401" errors="0" timestamp="2021-08-19T15:58:14 IST" skipped="0">
  <testcase classname="Mouseactions.Draganddrop" name="alert" time="1.401"/>
  <system-out/>
</testsuite> <!-- Mouseactions.Draganddrop -->
