<?xml version="1.0" encoding="UTF-8"?>
<!-- Generated by org.testng.reporters.JUnitReportReporter -->
<testsuite hostname="LAPTOP-0K4EH4AM" failures="0" tests="1" name="Frames.Switchtooneframe" time="2.619" errors="0" timestamp="2021-08-18T15:17:00 IST" skipped="0">
  <testcase classname="Frames.Switchtooneframe" name="counttable" time="2.619"/>
  <system-out/>
</testsuite> <!-- Frames.Switchtooneframe -->
