<?xml version="1.0" encoding="UTF-8"?>
<!-- Generated by org.testng.reporters.JUnitReportReporter -->
<testsuite hostname="LAPTOP-0K4EH4AM" failures="0" tests="1" name="Webtables.Getallrowsandcol" time="7.823" errors="0" timestamp="2021-08-10T11:19:52 IST" skipped="0">
  <testcase classname="Webtables.Getallrowsandcol" name="counttables" time="7.823"/>
  <system-out/>
</testsuite> <!-- Webtables.Getallrowsandcol -->
