<?xml version="1.0" encoding="UTF-8"?>
<!-- Generated by org.testng.reporters.JUnitReportReporter -->
<testsuite hostname="LAPTOP-0K4EH4AM" failures="0" tests="1" name="Test.Alerts" time="0.091" errors="0" timestamp="2021-08-06T15:06:02 IST" skipped="0">
  <testcase classname="Test.Alerts" name="alert" time="0.091"/>
  <system-out/>
</testsuite> <!-- Test.Alerts -->
