<?xml version="1.0" encoding="UTF-8"?>
<!-- Generated by org.testng.reporters.JUnitReportReporter -->
<testsuite hostname="LAPTOP-0K4EH4AM" failures="0" tests="1" name="Test.Slider" time="1.500" errors="0" timestamp="2021-08-09T10:07:22 IST" skipped="0">
  <testcase classname="Test.Slider" name="alert" time="1.500"/>
  <system-out/>
</testsuite> <!-- Test.Slider -->
