<?xml version="1.0" encoding="UTF-8"?>
<!-- Generated by org.testng.reporters.JUnitReportReporter -->
<testsuite hostname="LAPTOP-0K4EH4AM" failures="0" tests="1" name="Test.Alerts2" time="1.127" errors="0" timestamp="2021-08-06T15:15:10 IST" skipped="0">
  <testcase classname="Test.Alerts2" name="alert" time="1.127"/>
  <system-out/>
</testsuite> <!-- Test.Alerts2 -->
