<?xml version="1.0" encoding="UTF-8"?>
<!-- Generated by org.testng.reporters.JUnitReportReporter -->
<testsuite hostname="LAPTOP-0K4EH4AM" failures="0" tests="1" name="Test.Datepicker" time="1.027" errors="0" timestamp="2021-08-09T12:32:15 IST" skipped="0">
  <testcase classname="Test.Datepicker" name="counttables" time="1.027"/>
  <system-out/>
</testsuite> <!-- Test.Datepicker -->
