<?xml version="1.0" encoding="UTF-8"?>
<!-- Generated by org.testng.reporters.JUnitReportReporter -->
<testsuite hostname="LAPTOP-0K4EH4AM" failures="0" tests="2" name="Propertiesfile.Workingwithrepositories" time="8.306" errors="0" timestamp="2021-08-19T10:26:46 IST" skipped="0">
  <testcase classname="Propertiesfile.Workingwithrepositories" name="objdata" time="5.139"/>
  <system-out/>
  <testcase classname="Propertiesfile.Workingwithrepositories" name="logout" time="3.167"/>
  <system-out/>
</testsuite> <!-- Propertiesfile.Workingwithrepositories -->
