<?xml version="1.0" encoding="UTF-8"?>
<!-- Generated by org.testng.reporters.JUnitReportReporter -->
<testsuite hostname="LAPTOP-0K4EH4AM" failures="0" tests="1" name="Test.GetDatafromallrows" time="1.111" errors="0" timestamp="2021-08-05T14:11:57 IST" skipped="0">
  <testcase classname="Test.GetDatafromallrows" name="counttable" time="1.111"/>
  <system-out/>
</testsuite> <!-- Test.GetDatafromallrows -->
