<?xml version="1.0" encoding="UTF-8"?>
<!-- Generated by org.testng.reporters.JUnitReportReporter -->
<testsuite hostname="LAPTOP-0K4EH4AM" failures="0" tests="1" name="Test.Movetoelement" time="2.246" errors="0" timestamp="2021-08-06T15:27:59 IST" skipped="0">
  <testcase classname="Test.Movetoelement" name="alert" time="2.246"/>
  <system-out/>
</testsuite> <!-- Test.Movetoelement -->
