<?xml version="1.0" encoding="UTF-8"?>
<!-- Generated by org.testng.reporters.JUnitReportReporter -->
<testsuite hostname="LAPTOP-0K4EH4AM" failures="0" tests="1" name="Calender.Datepicker" time="1.045" errors="0" timestamp="2021-08-17T17:56:17 IST" skipped="0">
  <testcase classname="Calender.Datepicker" name="counttables" time="1.045"/>
  <system-out/>
</testsuite> <!-- Calender.Datepicker -->
