<?xml version="1.0" encoding="UTF-8"?>
<!-- Generated by org.testng.reporters.JUnitReportReporter -->
<testsuite hostname="LAPTOP-0K4EH4AM" failures="0" tests="1" name="Modularframework.Modularframe" time="16.567" errors="0" timestamp="2021-08-18T17:59:28 IST" skipped="0">
  <testcase classname="Modularframework.Modularframe" name="TC" time="16.567"/>
  <system-out/>
</testsuite> <!-- Modularframework.Modularframe -->
