<?xml version="1.0" encoding="UTF-8"?>
<!-- Generated by org.testng.reporters.JUnitReportReporter -->
<testsuite hostname="LAPTOP-0K4EH4AM" failures="0" tests="1" name="Test.Doubleclick" time="1.221" errors="0" timestamp="2021-08-06T15:33:34 IST" skipped="0">
  <testcase classname="Test.Doubleclick" name="alert" time="1.221"/>
  <system-out/>
</testsuite> <!-- Test.Doubleclick -->
