<?xml version="1.0" encoding="UTF-8"?>
<!-- Generated by org.testng.reporters.JUnitReportReporter -->
<testsuite hostname="LAPTOP-0K4EH4AM" failures="0" tests="1" name="Test.Rightclick" time="1.204" errors="0" timestamp="2021-08-06T15:20:28 IST" skipped="0">
  <testcase classname="Test.Rightclick" name="alert" time="1.204"/>
  <system-out/>
</testsuite> <!-- Test.Rightclick -->
