<?xml version="1.0" encoding="UTF-8"?>
<!-- Generated by org.testng.reporters.JUnitReportReporter -->
<testsuite hostname="LAPTOP-0K4EH4AM" failures="0" tests="2" name="Log4jframework.Worklog" time="7.582" errors="0" timestamp="2021-08-19T12:31:50 IST" skipped="0">
  <testcase classname="Log4jframework.Worklog" name="objdata" time="4.614"/>
  <system-out/>
  <testcase classname="Log4jframework.Worklog" name="logout" time="2.968"/>
  <system-out/>
</testsuite> <!-- Log4jframework.Worklog -->
