<?xml version="1.0" encoding="UTF-8"?>
<!-- Generated by org.testng.reporters.JUnitReportReporter -->
<testsuite hostname="LAPTOP-0K4EH4AM" failures="0" tests="1" name="Test.Getallrowsandcol" time="5.587" errors="0" timestamp="2021-08-05T14:58:30 IST" skipped="0">
  <testcase classname="Test.Getallrowsandcol" name="counttables" time="5.587"/>
  <system-out/>
</testsuite> <!-- Test.Getallrowsandcol -->
