<?xml version="1.0" encoding="UTF-8"?>
<!-- Generated by org.testng.reporters.JUnitReportReporter -->
<testsuite hostname="LAPTOP-0K4EH4AM" failures="0" tests="1" name="Test.Countofframes" time="0.043" errors="0" timestamp="2021-08-06T10:12:03 IST" skipped="0">
  <testcase classname="Test.Countofframes" name="countofframe" time="0.043"/>
  <system-out/>
</testsuite> <!-- Test.Countofframes -->
