<?xml version="1.0" encoding="UTF-8"?>
<!-- Generated by org.testng.reporters.JUnitReportReporter -->
<testsuite hostname="LAPTOP-0K4EH4AM" failures="0" tests="1" name="Test.Getdatafromallcolfirstrow" time="0.312" errors="0" timestamp="2021-08-05T14:41:17 IST" skipped="0">
  <testcase classname="Test.Getdatafromallcolfirstrow" name="counttables" time="0.312"/>
  <system-out/>
</testsuite> <!-- Test.Getdatafromallcolfirstrow -->
