<?xml version="1.0" encoding="UTF-8"?>
<!-- Generated by org.testng.reporters.JUnitReportReporter -->
<testsuite hostname="LAPTOP-0K4EH4AM" failures="0" tests="1" name="Keyworddrivenframework.Keyworddriverscript" time="18.364" errors="0" timestamp="2021-08-20T10:34:48 IST" skipped="0">
  <testcase classname="Keyworddrivenframework.Keyworddriverscript" name="data" time="18.364"/>
  <system-out/>
</testsuite> <!-- Keyworddrivenframework.Keyworddriverscript -->
