<?xml version="1.0" encoding="UTF-8"?>
<!-- Generated by org.testng.reporters.JUnitReportReporter -->
<testsuite hostname="LAPTOP-0K4EH4AM" failures="0" tests="1" name="Test.Datafromparticularrowandcolumn$CountofTables" time="0.079" errors="0" timestamp="2021-08-05T11:38:18 IST" skipped="0">
  <testcase classname="Test.Datafromparticularrowandcolumn$CountofTables" name="counttables" time="0.079"/>
  <system-out/>
</testsuite> <!-- Test.Datafromparticularrowandcolumn$CountofTables -->
