<?xml version="1.0" encoding="UTF-8"?>
<!-- Generated by org.testng.reporters.JUnitReportReporter -->
<testsuite hostname="LAPTOP-0K4EH4AM" failures="0" tests="2" name="demo.TestNGparallelTesting" time="15.002" errors="0" timestamp="2021-08-19T15:45:04 IST" skipped="0">
  <testcase classname="demo.TestNGparallelTesting" name="test1" time="7.307"/>
  <system-out/>
  <testcase classname="demo.TestNGparallelTesting" name="test2" time="7.695"/>
  <system-out/>
</testsuite> <!-- demo.TestNGparallelTesting -->
